2025-11-04 20:50:36,626 INFO: === Start cleaning run ===
2025-11-04 20:50:43,605 INFO: === Start cleaning run ===
2025-11-04 20:50:49,156 INFO: Cleaning file: C:\Users\IGMA\Desktop\wheel_of_fortune\crlog.py
2025-11-04 20:50:51,783 INFO: Cleaning file: C:\Users\IGMA\Desktop\wheel_of_fortune\decorators.py
2025-11-04 20:50:54,499 INFO: Cleaning file: C:\Users\IGMA\Desktop\wheel_of_fortune\file_handler.py
2025-11-04 20:50:57,598 INFO: Cleaning file: C:\Users\IGMA\Desktop\wheel_of_fortune\game.py
2025-11-04 20:51:00,244 INFO: Cleaning file: C:\Users\IGMA\Desktop\wheel_of_fortune\new_func.py
2025-11-04 20:51:03,130 INFO: Cleaning file: C:\Users\IGMA\Desktop\wheel_of_fortune\randgen.py
2025-11-04 20:51:05,779 INFO: Cleaning file: C:\Users\IGMA\Desktop\wheel_of_fortune\__init__.py
2025-11-04 20:51:08,613 INFO: Cleaning file: C:\Users\IGMA\Desktop\wheel_of_fortune\__main__.py
2025-11-04 20:51:11,369 INFO: Cleaning file: C:\Users\IGMA\Desktop\wheel_of_fortune\classgame\message.py
2025-11-04 20:51:14,175 INFO: Cleaning file: C:\Users\IGMA\Desktop\wheel_of_fortune\classgame\new_type.py
2025-11-04 20:51:17,057 INFO: Cleaning file: C:\Users\IGMA\Desktop\wheel_of_fortune\classgame\user_info.py
2025-11-04 20:51:19,856 INFO: Cleaning file: C:\Users\IGMA\Desktop\wheel_of_fortune\classgame\__init__.py
2025-11-04 20:51:22,730 INFO: Cleaning file: C:\Users\IGMA\Desktop\wheel_of_fortune\data\trans.py
2025-11-04 20:51:25,437 INFO: Cleaning file: C:\Users\IGMA\Desktop\wheel_of_fortune\data\__init__.py
2025-11-04 20:51:28,585 INFO: === Cleaning finished ===
2025-11-04 22:42:23,508 INFO: === Start cleaning run ===
2025-11-04 22:42:28,873 INFO: Cleaning file: C:\Users\IGMA\Desktop\wheel_of_fortune\crlog.py
2025-11-04 22:42:32,056 INFO: Cleaning file: C:\Users\IGMA\Desktop\wheel_of_fortune\decorators.py
2025-11-04 22:42:35,903 INFO: Cleaning file: C:\Users\IGMA\Desktop\wheel_of_fortune\file_handler.py
2025-11-04 22:42:38,597 INFO: Cleaning file: C:\Users\IGMA\Desktop\wheel_of_fortune\game.py
2025-11-04 22:42:41,629 INFO: Cleaning file: C:\Users\IGMA\Desktop\wheel_of_fortune\new_func.py
2025-11-04 22:42:44,292 INFO: Cleaning file: C:\Users\IGMA\Desktop\wheel_of_fortune\randgen.py
2025-11-04 22:42:47,194 INFO: Cleaning file: C:\Users\IGMA\Desktop\wheel_of_fortune\__init__.py
2025-11-04 22:42:51,903 INFO: Cleaning file: C:\Users\IGMA\Desktop\wheel_of_fortune\__main__.py
2025-11-04 22:42:55,588 INFO: Cleaning file: C:\Users\IGMA\Desktop\wheel_of_fortune\classgame\message.py
2025-11-04 22:43:01,209 INFO: Cleaning file: C:\Users\IGMA\Desktop\wheel_of_fortune\classgame\new_type.py
2025-11-04 22:43:04,215 INFO: Cleaning file: C:\Users\IGMA\Desktop\wheel_of_fortune\classgame\user_info.py
2025-11-04 22:43:07,112 INFO: Cleaning file: C:\Users\IGMA\Desktop\wheel_of_fortune\classgame\__init__.py
2025-11-04 22:43:09,838 INFO: Cleaning file: C:\Users\IGMA\Desktop\wheel_of_fortune\data\trans.py
2025-11-04 22:43:13,186 INFO: Cleaning file: C:\Users\IGMA\Desktop\wheel_of_fortune\data\__init__.py
2025-11-04 22:43:16,508 INFO: === Cleaning finished ===
2025-11-04 23:48:21,947 INFO: === Start cleaning run ===
2025-11-04 23:48:26,662 INFO: Cleaning file: C:\Users\IGMA\Desktop\wheel_of_fortune\crlog.py
2025-11-04 23:48:29,603 INFO: Cleaning file: C:\Users\IGMA\Desktop\wheel_of_fortune\decorators.py
2025-11-04 23:48:32,292 INFO: Cleaning file: C:\Users\IGMA\Desktop\wheel_of_fortune\file_handler.py
2025-11-04 23:48:35,578 INFO: Cleaning file: C:\Users\IGMA\Desktop\wheel_of_fortune\game.py
2025-11-04 23:48:38,699 INFO: Cleaning file: C:\Users\IGMA\Desktop\wheel_of_fortune\randgen.py
2025-11-04 23:48:41,401 INFO: Cleaning file: C:\Users\IGMA\Desktop\wheel_of_fortune\work_with_word.py
2025-11-04 23:48:44,362 INFO: Cleaning file: C:\Users\IGMA\Desktop\wheel_of_fortune\__init__.py
2025-11-04 23:48:47,043 INFO: Cleaning file: C:\Users\IGMA\Desktop\wheel_of_fortune\__main__.py
2025-11-04 23:48:49,912 INFO: Cleaning file: C:\Users\IGMA\Desktop\wheel_of_fortune\classgame\message.py
2025-11-04 23:48:52,587 INFO: Cleaning file: C:\Users\IGMA\Desktop\wheel_of_fortune\classgame\new_type.py
2025-11-04 23:48:55,499 INFO: Cleaning file: C:\Users\IGMA\Desktop\wheel_of_fortune\classgame\user_info.py
2025-11-04 23:48:58,180 INFO: Cleaning file: C:\Users\IGMA\Desktop\wheel_of_fortune\classgame\__init__.py
2025-11-04 23:49:00,809 INFO: Cleaning file: C:\Users\IGMA\Desktop\wheel_of_fortune\data\__init__.py
2025-11-04 23:49:03,623 INFO: === Cleaning finished ===
2025-11-05 15:15:43,389 INFO: === Start cleaning run ===
2025-11-05 15:15:53,045 INFO: Cleaning file: C:\Users\IGMA\Desktop\wheel_of_fortune\crlog.py
2025-11-05 15:15:55,742 INFO: Cleaning file: C:\Users\IGMA\Desktop\wheel_of_fortune\decorators.py
2025-11-05 15:15:58,661 INFO: Cleaning file: C:\Users\IGMA\Desktop\wheel_of_fortune\file_handler.py
2025-11-05 15:16:01,704 INFO: Cleaning file: C:\Users\IGMA\Desktop\wheel_of_fortune\game.py
2025-11-05 15:16:04,373 INFO: Cleaning file: C:\Users\IGMA\Desktop\wheel_of_fortune\randgen.py
2025-11-05 15:16:07,325 INFO: Cleaning file: C:\Users\IGMA\Desktop\wheel_of_fortune\work_with_word.py
2025-11-05 15:16:11,107 INFO: Cleaning file: C:\Users\IGMA\Desktop\wheel_of_fortune\__init__.py
2025-11-05 15:16:13,770 INFO: Cleaning file: C:\Users\IGMA\Desktop\wheel_of_fortune\__main__.py
2025-11-05 15:16:16,653 INFO: Cleaning file: C:\Users\IGMA\Desktop\wheel_of_fortune\classgame\message.py
2025-11-05 15:16:20,097 INFO: Cleaning file: C:\Users\IGMA\Desktop\wheel_of_fortune\classgame\new_type.py
2025-11-05 15:16:23,129 INFO: Cleaning file: C:\Users\IGMA\Desktop\wheel_of_fortune\classgame\user_info.py
2025-11-05 15:16:25,978 INFO: Cleaning file: C:\Users\IGMA\Desktop\wheel_of_fortune\classgame\__init__.py
2025-11-05 15:16:28,701 INFO: Cleaning file: C:\Users\IGMA\Desktop\wheel_of_fortune\data\__init__.py
2025-11-05 15:16:31,636 INFO: === Cleaning finished ===
2025-11-05 16:52:22,764 INFO: === Start cleaning run ===
2025-11-05 16:52:27,564 INFO: Cleaning file: C:\Users\IGMA\Desktop\wheel_of_fortune\crlog.py
2025-11-05 16:52:29,100 INFO: Cleaning file: C:\Users\IGMA\Desktop\wheel_of_fortune\decorators.py
2025-11-05 16:52:30,647 INFO: Cleaning file: C:\Users\IGMA\Desktop\wheel_of_fortune\file_handler.py
2025-11-05 16:52:32,305 INFO: Cleaning file: C:\Users\IGMA\Desktop\wheel_of_fortune\game.py
2025-11-05 16:52:33,828 INFO: Cleaning file: C:\Users\IGMA\Desktop\wheel_of_fortune\randgen.py
2025-11-05 16:52:35,363 INFO: Cleaning file: C:\Users\IGMA\Desktop\wheel_of_fortune\setup.py
2025-11-05 16:52:37,245 INFO: Cleaning file: C:\Users\IGMA\Desktop\wheel_of_fortune\work_with_word.py
2025-11-05 16:52:39,011 INFO: Cleaning file: C:\Users\IGMA\Desktop\wheel_of_fortune\__init__.py
2025-11-05 16:52:40,560 INFO: Cleaning file: C:\Users\IGMA\Desktop\wheel_of_fortune\__main__.py
2025-11-05 16:52:42,102 INFO: Cleaning file: C:\Users\IGMA\Desktop\wheel_of_fortune\classgame\message.py
2025-11-05 16:52:43,641 INFO: Cleaning file: C:\Users\IGMA\Desktop\wheel_of_fortune\classgame\new_type.py
2025-11-05 16:52:45,255 INFO: Cleaning file: C:\Users\IGMA\Desktop\wheel_of_fortune\classgame\user_info.py
2025-11-05 16:52:46,979 INFO: Cleaning file: C:\Users\IGMA\Desktop\wheel_of_fortune\classgame\__init__.py
2025-11-05 16:52:48,512 INFO: Cleaning file: C:\Users\IGMA\Desktop\wheel_of_fortune\data\__init__.py
2025-11-05 16:52:50,395 INFO: === Cleaning finished ===
2025-11-06 09:03:44,166 INFO: === Start cleaning run ===
2025-11-06 09:03:48,943 INFO: Cleaning file: C:\Users\IGMA\Desktop\wheel_of_fortune\crlog.py
2025-11-06 09:03:50,720 INFO: Cleaning file: C:\Users\IGMA\Desktop\wheel_of_fortune\decorators.py
2025-11-06 09:03:52,345 INFO: Cleaning file: C:\Users\IGMA\Desktop\wheel_of_fortune\file_handler.py
2025-11-06 09:03:54,357 INFO: Cleaning file: C:\Users\IGMA\Desktop\wheel_of_fortune\game.py
2025-11-06 09:03:56,004 INFO: Cleaning file: C:\Users\IGMA\Desktop\wheel_of_fortune\randgen.py
2025-11-06 09:03:57,534 INFO: Cleaning file: C:\Users\IGMA\Desktop\wheel_of_fortune\setup.py
2025-11-06 09:03:59,055 INFO: Cleaning file: C:\Users\IGMA\Desktop\wheel_of_fortune\work_with_word.py
2025-11-06 09:04:00,653 INFO: Cleaning file: C:\Users\IGMA\Desktop\wheel_of_fortune\__init__.py
2025-11-06 09:04:02,176 INFO: Cleaning file: C:\Users\IGMA\Desktop\wheel_of_fortune\__main__.py
2025-11-06 09:04:03,688 INFO: Cleaning file: C:\Users\IGMA\Desktop\wheel_of_fortune\classgame\message.py
2025-11-06 09:04:05,179 INFO: Cleaning file: C:\Users\IGMA\Desktop\wheel_of_fortune\classgame\new_type.py
2025-11-06 09:04:06,654 INFO: Cleaning file: C:\Users\IGMA\Desktop\wheel_of_fortune\classgame\user_info.py
2025-11-06 09:04:08,464 INFO: Cleaning file: C:\Users\IGMA\Desktop\wheel_of_fortune\classgame\__init__.py
2025-11-06 09:04:10,047 INFO: Cleaning file: C:\Users\IGMA\Desktop\wheel_of_fortune\data\__init__.py
2025-11-06 09:04:11,801 INFO: === Cleaning finished ===
2025-11-06 12:50:20,728 INFO: === Start cleaning run ===
2025-11-06 12:50:27,617 INFO: Cleaning file: C:\Users\IGMA\Desktop\wheel_of_fortune\crlog.py
2025-11-06 12:50:29,223 INFO: Cleaning file: C:\Users\IGMA\Desktop\wheel_of_fortune\decorators.py
2025-11-06 12:50:30,800 INFO: Cleaning file: C:\Users\IGMA\Desktop\wheel_of_fortune\file_handler.py
2025-11-06 12:50:32,722 INFO: Cleaning file: C:\Users\IGMA\Desktop\wheel_of_fortune\game.py
2025-11-06 12:50:34,541 INFO: Cleaning file: C:\Users\IGMA\Desktop\wheel_of_fortune\setup.py
2025-11-06 12:50:36,131 INFO: Cleaning file: C:\Users\IGMA\Desktop\wheel_of_fortune\work_with_word.py
2025-11-06 12:50:37,718 INFO: Cleaning file: C:\Users\IGMA\Desktop\wheel_of_fortune\__init__.py
2025-11-06 12:50:39,294 INFO: Cleaning file: C:\Users\IGMA\Desktop\wheel_of_fortune\__main__.py
2025-11-06 12:50:40,928 INFO: Cleaning file: C:\Users\IGMA\Desktop\wheel_of_fortune\classgame\message.py
2025-11-06 12:50:42,462 INFO: Cleaning file: C:\Users\IGMA\Desktop\wheel_of_fortune\classgame\new_type.py
2025-11-06 12:50:44,038 INFO: Cleaning file: C:\Users\IGMA\Desktop\wheel_of_fortune\classgame\path_class.py
2025-11-06 12:50:45,617 INFO: Cleaning file: C:\Users\IGMA\Desktop\wheel_of_fortune\classgame\user_info.py
2025-11-06 12:50:47,286 INFO: Cleaning file: C:\Users\IGMA\Desktop\wheel_of_fortune\classgame\__init__.py
2025-11-06 12:50:48,960 INFO: Cleaning file: C:\Users\IGMA\Desktop\wheel_of_fortune\data\__init__.py
2025-11-06 12:50:50,850 INFO: === Cleaning finished ===
2025-11-10 20:09:17,093 INFO: === Start cleaning run ===
2025-11-10 20:09:25,756 INFO: Cleaning file: C:\Users\IGMA\Desktop\wheel_of_fortune\crlog.py
2025-11-10 20:09:30,145 INFO: Cleaning file: C:\Users\IGMA\Desktop\wheel_of_fortune\decorators.py
2025-11-10 20:09:34,588 INFO: Cleaning file: C:\Users\IGMA\Desktop\wheel_of_fortune\file_handler.py
2025-11-10 20:09:40,059 INFO: Cleaning file: C:\Users\IGMA\Desktop\wheel_of_fortune\game.py
2025-11-10 20:09:44,028 INFO: Cleaning file: C:\Users\IGMA\Desktop\wheel_of_fortune\setup.py
2025-11-10 20:09:47,056 INFO: Cleaning file: C:\Users\IGMA\Desktop\wheel_of_fortune\work_with_word.py
2025-11-10 20:09:50,058 INFO: Cleaning file: C:\Users\IGMA\Desktop\wheel_of_fortune\__init__.py
2025-11-10 20:09:52,957 INFO: Cleaning file: C:\Users\IGMA\Desktop\wheel_of_fortune\__main__.py
2025-11-10 20:09:55,912 INFO: Cleaning file: C:\Users\IGMA\Desktop\wheel_of_fortune\classgame\message.py
2025-11-10 20:09:59,152 INFO: Cleaning file: C:\Users\IGMA\Desktop\wheel_of_fortune\classgame\new_type.py
2025-11-10 20:10:02,286 INFO: Cleaning file: C:\Users\IGMA\Desktop\wheel_of_fortune\classgame\path_class.py
2025-11-10 20:10:05,109 INFO: Cleaning file: C:\Users\IGMA\Desktop\wheel_of_fortune\classgame\user_info.py
2025-11-10 20:10:08,016 INFO: Cleaning file: C:\Users\IGMA\Desktop\wheel_of_fortune\classgame\__init__.py
2025-11-10 20:10:11,062 INFO: Cleaning file: C:\Users\IGMA\Desktop\wheel_of_fortune\data\__init__.py
2025-11-10 20:10:14,115 INFO: === Cleaning finished ===
2025-11-12 10:37:15,466 INFO: === Start cleaning run ===
2025-11-12 10:37:33,110 INFO: Cleaning file: C:\Users\IGMA\Desktop\wheel_of_fortune\crlog.py
2025-11-12 10:37:35,932 INFO: Cleaning file: C:\Users\IGMA\Desktop\wheel_of_fortune\decorators.py
2025-11-12 10:37:38,698 INFO: Cleaning file: C:\Users\IGMA\Desktop\wheel_of_fortune\file_handler.py
2025-11-12 10:37:42,553 INFO: Cleaning file: C:\Users\IGMA\Desktop\wheel_of_fortune\game.py
2025-11-12 10:37:47,250 INFO: Cleaning file: C:\Users\IGMA\Desktop\wheel_of_fortune\setup.py
2025-11-12 10:37:52,423 INFO: Cleaning file: C:\Users\IGMA\Desktop\wheel_of_fortune\work_with_word.py
2025-11-12 10:37:55,550 INFO: Cleaning file: C:\Users\IGMA\Desktop\wheel_of_fortune\__init__.py
2025-11-12 10:38:00,001 INFO: Cleaning file: C:\Users\IGMA\Desktop\wheel_of_fortune\__main__.py
2025-11-12 10:38:02,928 INFO: Cleaning file: C:\Users\IGMA\Desktop\wheel_of_fortune\classgame\message.py
2025-11-12 10:38:07,240 INFO: Cleaning file: C:\Users\IGMA\Desktop\wheel_of_fortune\classgame\new_type.py
2025-11-12 10:38:10,113 INFO: Cleaning file: C:\Users\IGMA\Desktop\wheel_of_fortune\classgame\path_class.py
2025-11-12 10:38:12,839 INFO: Cleaning file: C:\Users\IGMA\Desktop\wheel_of_fortune\classgame\user_info.py
2025-11-12 10:38:15,649 INFO: Cleaning file: C:\Users\IGMA\Desktop\wheel_of_fortune\classgame\__init__.py
2025-11-12 10:38:21,889 INFO: Cleaning file: C:\Users\IGMA\Desktop\wheel_of_fortune\data\__init__.py
2025-11-12 10:38:25,686 INFO: === Cleaning finished ===
2025-11-12 10:38:34,043 INFO: === Start cleaning run ===
2025-11-12 10:38:40,081 INFO: Cleaning file: C:\Users\IGMA\Desktop\wheel_of_fortune\crlog.py
2025-11-12 10:38:43,055 INFO: Cleaning file: C:\Users\IGMA\Desktop\wheel_of_fortune\decorators.py
2025-11-12 10:38:45,970 INFO: Cleaning file: C:\Users\IGMA\Desktop\wheel_of_fortune\file_handler.py
2025-11-12 10:38:48,971 INFO: Cleaning file: C:\Users\IGMA\Desktop\wheel_of_fortune\game.py
2025-11-12 10:38:52,132 INFO: Cleaning file: C:\Users\IGMA\Desktop\wheel_of_fortune\setup.py
2025-11-12 10:38:55,243 INFO: Cleaning file: C:\Users\IGMA\Desktop\wheel_of_fortune\work_with_word.py
2025-11-12 10:38:58,413 INFO: Cleaning file: C:\Users\IGMA\Desktop\wheel_of_fortune\__init__.py
2025-11-12 10:39:01,451 INFO: Cleaning file: C:\Users\IGMA\Desktop\wheel_of_fortune\__main__.py
2025-11-12 10:39:04,616 INFO: Cleaning file: C:\Users\IGMA\Desktop\wheel_of_fortune\classgame\message.py
2025-11-12 10:39:07,563 INFO: Cleaning file: C:\Users\IGMA\Desktop\wheel_of_fortune\classgame\new_type.py
2025-11-12 10:39:10,611 INFO: Cleaning file: C:\Users\IGMA\Desktop\wheel_of_fortune\classgame\path_class.py
2025-11-12 10:39:14,501 INFO: Cleaning file: C:\Users\IGMA\Desktop\wheel_of_fortune\classgame\user_info.py
2025-11-12 10:39:17,521 INFO: Cleaning file: C:\Users\IGMA\Desktop\wheel_of_fortune\classgame\__init__.py
2025-11-12 10:39:20,455 INFO: Cleaning file: C:\Users\IGMA\Desktop\wheel_of_fortune\data\__init__.py
2025-11-12 10:39:23,709 INFO: === Cleaning finished ===
2025-11-12 12:41:50,952 INFO: === Start cleaning run ===
2025-11-12 12:41:59,738 INFO: Cleaning file: C:\Users\IGMA\Desktop\wheel_of_fortune\crlog.py
2025-11-12 12:42:02,437 INFO: Cleaning file: C:\Users\IGMA\Desktop\wheel_of_fortune\decorators.py
2025-11-12 12:42:05,032 INFO: Cleaning file: C:\Users\IGMA\Desktop\wheel_of_fortune\file_handler.py
2025-11-12 12:42:07,887 INFO: Cleaning file: C:\Users\IGMA\Desktop\wheel_of_fortune\game.py
2025-11-12 12:42:11,659 INFO: Cleaning file: C:\Users\IGMA\Desktop\wheel_of_fortune\setup.py
2025-11-12 12:42:14,645 INFO: Cleaning file: C:\Users\IGMA\Desktop\wheel_of_fortune\work_with_word.py
2025-11-12 12:42:17,265 INFO: Cleaning file: C:\Users\IGMA\Desktop\wheel_of_fortune\__init__.py
2025-11-12 12:42:19,802 INFO: Cleaning file: C:\Users\IGMA\Desktop\wheel_of_fortune\__main__.py
2025-11-12 12:42:22,498 INFO: Cleaning file: C:\Users\IGMA\Desktop\wheel_of_fortune\classgame\message.py
2025-11-12 12:42:25,197 INFO: Cleaning file: C:\Users\IGMA\Desktop\wheel_of_fortune\classgame\new_type.py
2025-11-12 12:42:28,063 INFO: Cleaning file: C:\Users\IGMA\Desktop\wheel_of_fortune\classgame\path_class.py
2025-11-12 12:42:31,036 INFO: Cleaning file: C:\Users\IGMA\Desktop\wheel_of_fortune\classgame\user_info.py
2025-11-12 12:42:33,586 INFO: Cleaning file: C:\Users\IGMA\Desktop\wheel_of_fortune\classgame\__init__.py
2025-11-12 12:42:36,675 INFO: Cleaning file: C:\Users\IGMA\Desktop\wheel_of_fortune\data\__init__.py
2025-11-12 12:42:40,331 INFO: === Cleaning finished ===
2025-11-15 12:58:26,160 INFO: === Start cleaning run ===
2025-11-15 12:58:32,966 INFO: Cleaning file: C:\Users\IGMA\Desktop\wheel_of_fortune\crlog.py
2025-11-15 12:58:36,092 INFO: Cleaning file: C:\Users\IGMA\Desktop\wheel_of_fortune\decorators.py
2025-11-15 12:58:39,250 INFO: Cleaning file: C:\Users\IGMA\Desktop\wheel_of_fortune\file_handler.py
2025-11-15 12:58:41,996 INFO: Cleaning file: C:\Users\IGMA\Desktop\wheel_of_fortune\game.py
2025-11-15 12:58:45,506 INFO: Cleaning file: C:\Users\IGMA\Desktop\wheel_of_fortune\setup.py
2025-11-15 12:58:48,118 INFO: Cleaning file: C:\Users\IGMA\Desktop\wheel_of_fortune\work_with_word.py
2025-11-15 12:58:50,984 INFO: Cleaning file: C:\Users\IGMA\Desktop\wheel_of_fortune\__init__.py
2025-11-15 12:58:54,375 INFO: Cleaning file: C:\Users\IGMA\Desktop\wheel_of_fortune\__main__.py
2025-11-15 12:58:58,476 INFO: Cleaning file: C:\Users\IGMA\Desktop\wheel_of_fortune\classgame\message.py
2025-11-15 12:59:01,801 INFO: Cleaning file: C:\Users\IGMA\Desktop\wheel_of_fortune\classgame\new_type.py
2025-11-15 12:59:05,058 INFO: Cleaning file: C:\Users\IGMA\Desktop\wheel_of_fortune\classgame\path_class.py
2025-11-15 12:59:07,454 INFO: Cleaning file: C:\Users\IGMA\Desktop\wheel_of_fortune\classgame\user_info.py
2025-11-15 12:59:09,967 INFO: Cleaning file: C:\Users\IGMA\Desktop\wheel_of_fortune\classgame\__init__.py
2025-11-15 12:59:12,918 INFO: Cleaning file: C:\Users\IGMA\Desktop\wheel_of_fortune\data\__init__.py
2025-11-15 12:59:15,573 INFO: === Cleaning finished ===
2025-11-19 15:02:55,894 INFO: === Start cleaning run ===
2025-11-19 15:03:01,639 INFO: Cleaning file: C:\Users\IGMA\Desktop\wheel_of_fortune\crlog.py
2025-11-19 15:03:04,185 INFO: Cleaning file: C:\Users\IGMA\Desktop\wheel_of_fortune\decorators.py
2025-11-19 15:03:06,414 INFO: Cleaning file: C:\Users\IGMA\Desktop\wheel_of_fortune\file_handler.py
2025-11-19 15:03:08,987 INFO: Cleaning file: C:\Users\IGMA\Desktop\wheel_of_fortune\game.py
2025-11-19 15:03:11,796 INFO: Cleaning file: C:\Users\IGMA\Desktop\wheel_of_fortune\setup.py
2025-11-19 15:03:14,649 INFO: Cleaning file: C:\Users\IGMA\Desktop\wheel_of_fortune\work_with_word.py
2025-11-19 15:03:16,811 INFO: Cleaning file: C:\Users\IGMA\Desktop\wheel_of_fortune\__init__.py
2025-11-19 15:03:19,123 INFO: Cleaning file: C:\Users\IGMA\Desktop\wheel_of_fortune\__main__.py
2025-11-19 15:03:21,404 INFO: Cleaning file: C:\Users\IGMA\Desktop\wheel_of_fortune\classgame\message.py
2025-11-19 15:03:24,303 INFO: Cleaning file: C:\Users\IGMA\Desktop\wheel_of_fortune\classgame\new_type.py
2025-11-19 15:03:26,734 INFO: Cleaning file: C:\Users\IGMA\Desktop\wheel_of_fortune\classgame\path_class.py
2025-11-19 15:03:29,196 INFO: Cleaning file: C:\Users\IGMA\Desktop\wheel_of_fortune\classgame\user_info.py
2025-11-19 15:03:31,557 INFO: Cleaning file: C:\Users\IGMA\Desktop\wheel_of_fortune\classgame\__init__.py
2025-11-19 15:03:33,734 INFO: Cleaning file: C:\Users\IGMA\Desktop\wheel_of_fortune\data\__init__.py
2025-11-19 15:03:36,072 INFO: === Cleaning finished ===
